C51 COMPILER V9.53.0.0   INTERRUPTS                                                        04/14/2017 22:49:57 PAGE 1   


C51 COMPILER V9.53.0.0, COMPILATION OF MODULE INTERRUPTS
OBJECT MODULE PLACED IN .\src\interrupts.OBJ
COMPILER INVOKED BY: c:\SiliconLabs\SimplicityStudio\v4\developer\toolchains\keil_8051\9.53\BIN\C51.exe C:\Users\Richard
                    -\SimplicityStudio\v4_workspace\EFM8BB3_RainbowBlinky_2\src\interrupts.c OMF2 SMALL DEBUG OBJECTEXTEND ROM(LARGE) WARNING
                    -LEVEL(2) FLOATFUZZY(3) OPTIMIZE(8,SPEED) DEFINE(DEBUG=1) INTVECTOR(0X0000) INTPROMOTE INCDIR(C:\Users\Richard\Simplicity
                    -Studio\v4_workspace\EFM8BB3_RainbowBlinky_2\inc;C:\Users\Richard\SimplicityStudio\v4_workspace\EFM8BB3_RainbowBlinky_2\i
                    -nc\config;C:/SiliconLabs/SimplicityStudio/v4/developer/sdks/8051/v4.0.1//kits/common/drivers/efm8_memory_lcd/inc;C:/Sili
                    -conLabs/SimplicityStudio/v4/developer/sdks/8051/v4.0.1//kits/common/drivers/efm8_memory_lcd/inc/graphics;C:/SiliconLabs/
                    -SimplicityStudio/v4/developer/sdks/8051/v4.0.1//kits/common/drivers/efm8_memory_lcd/inc/config;C:/SiliconLabs/Simplicity
                    -Studio/v4/developer/sdks/8051/v4.0.1//kits/common/drivers/efm8_joystick;C:/SiliconLabs/SimplicityStudio/v4/developer/sdk
                    -s/8051/v4.0.1//kits/common/bsp;C:/SiliconLabs/SimplicityStudio/v4/developer/sdks/8051/v4.0.1//kits/EFM8BB3_SLSTK2022A/co
                    -nfig;C:/SiliconLabs/SimplicityStudio/v4/developer/sdks/8051/v4.0.1//kits/common/drivers/efm8_rgb_led;C:/SiliconLabs/Simp
                    -licityStudio/v4/developer/sdks/8051/v4.0.1//Device/shared/si8051base;C:/SiliconLabs/SimplicityStudio/v4/developer/sdks/8
                    -051/v4.0.1//Device/EFM8BB3/inc;C:/SiliconLabs/SimplicityStudio/v4/developer/sdks/8051/v4.0.1//Device/EFM8BB3/peripheral_
                    -driver/inc) PRINT(.\src\interrupts.lst) COND PAGEWIDTH(120) PAGELENGTH(65) OBJECT(.\src\interrupts.OBJ)

line level    source

   1          /*
   2           * interrupts.c
   3           *
   4           *  Created on: Apr 14, 2017
   5           *      Author: Richard
   6           */
   7          
   8          //=========================================================
   9          // src/Interrupts.c: generated by Hardware Configurator
  10          //
  11          // This file will be regenerated when saving a document.
  12          // leave the sections inside the "$[...]" comment tags alone
  13          // or they will be overwritten!
  14          //=========================================================
  15          
  16          // USER INCLUDES
  17          #include <SI_EFM8BB3_Register_Enums.h>
  18          //SI_SBIT (LED1, SFR_P1, 3);
  19          //-----------------------------------------------------------------------------
  20          // TIMER2_ISR
  21          //-----------------------------------------------------------------------------
  22          //
  23          // TIMER2 ISR Content goes here. Remember to clear flag bits:
  24          // TMR2CN0::TF2H (Timer # High Byte Overflow Flag)
  25          // TMR2CN0::TF2L (Timer # Low Byte Overflow Flag)
  26          //
  27          //-----------------------------------------------------------------------------
  28          
  29          
  30          //-----------------------------------------------------------------------------
  31          // PMATCH_ISR
  32          //-----------------------------------------------------------------------------
  33          //
  34          // PMATCH ISR Content goes here. Remember to clear flag bits:
  35          
  36          //
  37          //-----------------------------------------------------------------------------
  38          /*SI_INTERRUPT (PMATCH_ISR, PMATCH_IRQn)
  39          {
  40          
  41             }
  42          
  43          
  44          SI_INTERRUPT (TIMER0_ISR, TIMER0_IRQn)
C51 COMPILER V9.53.0.0   INTERRUPTS                                                        04/14/2017 22:49:57 PAGE 2   

  45          {
  46                  LED1 = !LED1;
  47                  TCON_TR0 = 0;                       // Stop Timer 0
  48                  TH0 = 00111000;           // Reset Timer0 High register
  49              TL0 = 10011110;            // Reset Timer0 Low register
  50                  TCON_TR0 = 1;
  51          }
  52          */


MODULE INFORMATION:   STATIC OVERLAYABLE
   CODE SIZE        =   ----    ----
   CONSTANT SIZE    =   ----    ----
   XDATA SIZE       =   ----    ----
   PDATA SIZE       =   ----    ----
   DATA SIZE        =   ----    ----
   IDATA SIZE       =   ----    ----
   BIT SIZE         =   ----    ----
   EDATA SIZE       =   ----    ----
   HDATA SIZE       =   ----    ----
   XDATA CONST SIZE =   ----    ----
   FAR CONST SIZE   =   ----    ----
END OF MODULE INFORMATION.


C51 COMPILATION COMPLETE.  0 WARNING(S),  0 ERROR(S)
