C51 COMPILER V9.53.0.0   RGB_LED                                                           04/14/2017 22:45:50 PAGE 1   


C51 COMPILER V9.53.0.0, COMPILATION OF MODULE RGB_LED
OBJECT MODULE PLACED IN .\lib\bsp\efm8_rgb_led\rgb_led.OBJ
COMPILER INVOKED BY: c:\SiliconLabs\SimplicityStudio\v4\developer\toolchains\keil_8051\9.53\BIN\C51.exe C:\SiliconLabs\S
                    -implicityStudio\v4\developer\sdks\8051\v4.0.1\kits\common\drivers\efm8_rgb_led\rgb_led.c OMF2 SMALL DEBUG OBJECTEXTEND R
                    -OM(LARGE) WARNINGLEVEL(2) FLOATFUZZY(3) OPTIMIZE(8,SPEED) DEFINE(DEBUG=1) INTVECTOR(0X0000) INTPROMOTE INCDIR(C:\Users\R
                    -ichard\SimplicityStudio\v4_workspace\EFM8BB3_RainbowBlinky_2\inc;C:\Users\Richard\SimplicityStudio\v4_workspace\EFM8BB3_
                    -RainbowBlinky_2\inc\config;C:/SiliconLabs/SimplicityStudio/v4/developer/sdks/8051/v4.0.1//kits/common/drivers/efm8_memor
                    -y_lcd/inc;C:/SiliconLabs/SimplicityStudio/v4/developer/sdks/8051/v4.0.1//kits/common/drivers/efm8_memory_lcd/inc/graphic
                    -s;C:/SiliconLabs/SimplicityStudio/v4/developer/sdks/8051/v4.0.1//kits/common/drivers/efm8_memory_lcd/inc/config;C:/Silic
                    -onLabs/SimplicityStudio/v4/developer/sdks/8051/v4.0.1//kits/common/drivers/efm8_joystick;C:/SiliconLabs/SimplicityStudio
                    -/v4/developer/sdks/8051/v4.0.1//kits/common/bsp;C:/SiliconLabs/SimplicityStudio/v4/developer/sdks/8051/v4.0.1//kits/EFM8
                    -BB3_SLSTK2022A/config;C:/SiliconLabs/SimplicityStudio/v4/developer/sdks/8051/v4.0.1//kits/common/drivers/efm8_rgb_led;C:
                    -/SiliconLabs/SimplicityStudio/v4/developer/sdks/8051/v4.0.1//Device/shared/si8051base;C:/SiliconLabs/SimplicityStudio/v4
                    -/developer/sdks/8051/v4.0.1//Device/EFM8BB3/inc;C:/SiliconLabs/SimplicityStudio/v4/developer/sdks/8051/v4.0.1//Device/EF
                    -M8BB3/peripheral_driver/inc) PRINT(.\lib\bsp\efm8_rgb_led\rgb_led.lst) COND PAGEWIDTH(120) PAGELENGTH(65) OBJECT(.\lib\b
                    -sp\efm8_rgb_led\rgb_led.OBJ)

line level    source

   1          /////////////////////////////////////////////////////////////////////////////
   2          // rgb_led.c
   3          /////////////////////////////////////////////////////////////////////////////
   4          
   5          #include "bsp.h"
   6          #include "rgb_led.h"
   7          
   8          /////////////////////////////////////////////////////////////////////////////
   9          // Function
  10          /////////////////////////////////////////////////////////////////////////////
  11          
  12          void RGB_SetColor(Color color, uint8_t intensity)
  13          {
  14   1          RGB_CEX_RED = (uint16_t)color.red * intensity / 255;
  15   1          RGB_CEX_GREEN = (uint16_t)color.green * intensity / 255;
  16   1          RGB_CEX_BLUE = (uint16_t)color.blue * intensity / 255;
  17   1      }


MODULE INFORMATION:   STATIC OVERLAYABLE
   CODE SIZE        =     57    ----
   CONSTANT SIZE    =   ----    ----
   XDATA SIZE       =   ----    ----
   PDATA SIZE       =   ----    ----
   DATA SIZE        =   ----       4
   IDATA SIZE       =   ----    ----
   BIT SIZE         =   ----    ----
   EDATA SIZE       =   ----    ----
   HDATA SIZE       =   ----    ----
   XDATA CONST SIZE =   ----    ----
   FAR CONST SIZE   =   ----    ----
END OF MODULE INFORMATION.


C51 COMPILATION COMPLETE.  0 WARNING(S),  0 ERROR(S)
