C51 COMPILER V9.53.0.0   DRAW                                                              05/06/2017 21:43:19 PAGE 1   


C51 COMPILER V9.53.0.0, COMPILATION OF MODULE DRAW
OBJECT MODULE PLACED IN .\src\draw.OBJ
COMPILER INVOKED BY: c:\SiliconLabs\SimplicityStudio\v4\developer\toolchains\keil_8051\9.53\BIN\C51.exe C:\Users\student
                    -\SimplicityStudio\v4_workspace\EFM8BB3_FunctionGenerator\src\draw.c OMF2 SMALL DEBUG OBJECTEXTEND ROM(LARGE) WARNINGLEVE
                    -L(2) FLOATFUZZY(3) OPTIMIZE(8,SPEED) DEFINE(DEBUG=1) INTVECTOR(0X0000) INTPROMOTE INCDIR(C:\Users\student\SimplicityStud
                    -io\v4_workspace\EFM8BB3_FunctionGenerator\inc;C:\Users\student\SimplicityStudio\v4_workspace\EFM8BB3_FunctionGenerator\i
                    -nc\config;C:\Users\student\SimplicityStudio\v4_workspace\EFM8BB3_FunctionGenerator\inc\graphics;C:/SiliconLabs/Simplicit
                    -yStudio/v4/developer/sdks/8051/v4.0.3//Device/EFM8BB3/peripheral_driver/inc;C:/SiliconLabs/SimplicityStudio/v4/developer
                    -/sdks/8051/v4.0.3//kits/common/bsp;C:/SiliconLabs/SimplicityStudio/v4/developer/sdks/8051/v4.0.3//kits/EFM8BB3_SLSTK2022
                    -A/config;C:/SiliconLabs/SimplicityStudio/v4/developer/sdks/8051/v4.0.3//kits/common/drivers/efm8_memory_lcd/inc;C:/Silic
                    -onLabs/SimplicityStudio/v4/developer/sdks/8051/v4.0.3//kits/common/drivers/efm8_memory_lcd/inc/graphics;C:/SiliconLabs/S
                    -implicityStudio/v4/developer/sdks/8051/v4.0.3//kits/common/drivers/efm8_memory_lcd/inc/config;C:/SiliconLabs/SimplicityS
                    -tudio/v4/developer/sdks/8051/v4.0.3//kits/common/drivers/efm8_joystick;C:/SiliconLabs/SimplicityStudio/v4/developer/sdks
                    -/8051/v4.0.3//kits/common/drivers/efm8_retargetserial;C:/SiliconLabs/SimplicityStudio/v4/developer/sdks/8051/v4.0.3//Dev
                    -ice/shared/si8051base;C:/SiliconLabs/SimplicityStudio/v4/developer/sdks/8051/v4.0.3//Device/EFM8BB3/inc) PRINT(.\src\dra
                    -w.lst) COND PAGEWIDTH(120) PAGELENGTH(65) OBJECT(.\src\draw.OBJ)

line level    source

   1          /*
   2           * draw.c
   3           *
   4           *  Created on: May 6, 2017
   5           *      Author: qrp09
   6           */
   7          
   8          /**************************************************************************//**
   9           * Copyright (c) 2015 by Silicon Laboratories Inc. All rights reserved.
  10           *
  11           * http://developer.silabs.com/legal/version/v11/Silicon_Labs_Software_License_Agreement.txt
  12           *****************************************************************************/
  13          /////////////////////////////////////////////////////////////////////////////
  14          // draw.c
  15          /////////////////////////////////////////////////////////////////////////////
  16          
  17          #include <string.h>
  18          #include "bsp.h"
  19          #include "draw.h"
  20          #include "splash.h"
*** WARNING C318 IN LINE 20 OF C:\Users\student\SimplicityStudio\v4_workspace\EFM8BB3_FunctionGenerator\src\draw.c: can'
             -t open file 'splash.h'
  21          
  22          //-----------------------------------------------------------------------------
  23          // Variables
  24          
  25          
  26          //-----------------------------------------------------------------------------
  27          // Generic line buffer
  28          SI_SEGMENT_VARIABLE(Line[DISP_BUF_SIZE], uint8_t, RENDER_LINE_SEG);
  29          
  30          
  31          //-----------------------------------------------------------------------------
  32          // RENDER_ClrLineSegment
  33          //-----------------------------------------------------------------------------
  34          //
  35          // Clear the contents of a line segment buffer, setting its contents
  36          // to the background color.
  37          //
  38          // line - a line buffer to clear (length: DISP_BUF_SIZE)
  39          // x1 - the pixel x position to start writing, must be 8 bit alignment
  40          // x2 - the pixel x position to end writing, must be divisible by 8
  41          //-----------------------------------------------------------------------------
C51 COMPILER V9.53.0.0   DRAW                                                              05/06/2017 21:43:19 PAGE 2   

  42          static void RENDER_ClrLineSegment(
  43                          SI_VARIABLE_SEGMENT_POINTER(line, uint8_t, RENDER_LINE_SEG), uint8_t x1, uint8_t x2)
  44          {
  45   1              uint8_t i;
  46   1          for (i = (x1 / 8); i < (x2 / 8); i++) {
  47   2              line[i] = 0;
  48   2          }
  49   1      }
  50          
  51          
  52          //-----------------------------------------------------------------------------
  53          // DrawSplashScreen() Routine
  54          //-----------------------------------------------------------------------------
  55          //
  56          // Draw SiLabs splash screen.
  57          //
  58          //-----------------------------------------------------------------------------
  59          /*void DrawSplashScreen(void)
  60          {
  61              uint8_t i;
  62              for (i = 0; i < DISP_HEIGHT; i++) {
  63                  RENDER_ClrLine(Line);
  64                  RENDER_SpriteLine(Line, 0,  i, splash_bits, DISP_WIDTH);
  65                  DISP_WriteLine(i, Line);
  66              }
  67          }
  68          */
  69          
  70          //-----------------------------------------------------------------------------
  71          // RenderText
  72          //-----------------------------------------------------------------------------
  73          //
  74          // Draw a string on screen centralist.
  75          //
  76          //-----------------------------------------------------------------------------
  77          void DrawScreenText(SI_VARIABLE_SEGMENT_POINTER(str, char, RENDER_STR_SEG), uint8_t y)
  78          {
  79   1          uint8_t i;
  80   1          uint8_t len = RENDER_GetStrSize(str);
  81   1      
  82   1          /* Copy a line from text area into line buffer. */
  83   1      //    for (i = 0; i < DISP_WIDTH / 8; i++)
  84   1      //    {
  85   1      //      Line[i] = splash_bits[16 * 100 + i];
  86   1      //    }
  87   1      
  88   1          for (i = 0; i < 10; i++) {
  89   2              RENDER_ClrLineSegment(Line, 0, 0);
  90   2              RENDER_StrLine(Line, (4 - len) / 2, i, str);
  91   2              DISP_WriteLine(i + y, Line);
  92   2          }
  93   1      }
  94          


MODULE INFORMATION:   STATIC OVERLAYABLE
   CODE SIZE        =    129    ----
   CONSTANT SIZE    =   ----    ----
   XDATA SIZE       =     16    ----
   PDATA SIZE       =   ----    ----
   DATA SIZE        =   ----       8
   IDATA SIZE       =   ----    ----
   BIT SIZE         =   ----    ----
C51 COMPILER V9.53.0.0   DRAW                                                              05/06/2017 21:43:19 PAGE 3   

   EDATA SIZE       =   ----    ----
   HDATA SIZE       =   ----    ----
   XDATA CONST SIZE =   ----    ----
   FAR CONST SIZE   =   ----    ----
END OF MODULE INFORMATION.


C51 COMPILATION COMPLETE.  1 WARNING(S),  0 ERROR(S)
