C51 COMPILER V9.53.0.0   MAIN                                                              05/06/2017 22:33:59 PAGE 1   


C51 COMPILER V9.53.0.0, COMPILATION OF MODULE MAIN
OBJECT MODULE PLACED IN .\src\main.OBJ
COMPILER INVOKED BY: c:\SiliconLabs\SimplicityStudio\v4\developer\toolchains\keil_8051\9.53\BIN\C51.exe C:\Users\student
                    -\SimplicityStudio\v4_workspace\EFM8BB3_FunctionGenerator\src\main.c OMF2 LARGE DEBUG OBJECTEXTEND ROM(LARGE) WARNINGLEVE
                    -L(2) FLOATFUZZY(3) OPTIMIZE(8,SPEED) DEFINE(DEBUG=1) INTVECTOR(0X0000) INTPROMOTE INCDIR(C:\Users\student\SimplicityStud
                    -io\v4_workspace\EFM8BB3_FunctionGenerator\inc;C:\Users\student\SimplicityStudio\v4_workspace\EFM8BB3_FunctionGenerator\i
                    -nc\config;C:\Users\student\SimplicityStudio\v4_workspace\EFM8BB3_FunctionGenerator\inc\graphics;C:/SiliconLabs/Simplicit
                    -yStudio/v4/developer/sdks/8051/v4.0.3//Device/EFM8BB3/peripheral_driver/inc;C:/SiliconLabs/SimplicityStudio/v4/developer
                    -/sdks/8051/v4.0.3//kits/common/bsp;C:/SiliconLabs/SimplicityStudio/v4/developer/sdks/8051/v4.0.3//kits/EFM8BB3_SLSTK2022
                    -A/config;C:/SiliconLabs/SimplicityStudio/v4/developer/sdks/8051/v4.0.3//kits/common/drivers/efm8_memory_lcd/inc;C:/Silic
                    -onLabs/SimplicityStudio/v4/developer/sdks/8051/v4.0.3//kits/common/drivers/efm8_memory_lcd/inc/graphics;C:/SiliconLabs/S
                    -implicityStudio/v4/developer/sdks/8051/v4.0.3//kits/common/drivers/efm8_memory_lcd/inc/config;C:/SiliconLabs/SimplicityS
                    -tudio/v4/developer/sdks/8051/v4.0.3//kits/common/drivers/efm8_joystick;C:/SiliconLabs/SimplicityStudio/v4/developer/sdks
                    -/8051/v4.0.3//kits/common/drivers/efm8_retargetserial;C:/SiliconLabs/SimplicityStudio/v4/developer/sdks/8051/v4.0.3//Dev
                    -ice/shared/si8051base;C:/SiliconLabs/SimplicityStudio/v4/developer/sdks/8051/v4.0.3//Device/EFM8BB3/inc) PRINT(.\src\mai
                    -n.lst) COND PAGEWIDTH(120) PAGELENGTH(65) OBJECT(.\src\main.OBJ)

line level    source

   1          //-----------------------------------------------------------------------------
   2          // EFM8BB3_UART0_STDIO.c
   3          //-----------------------------------------------------------------------------
   4          // Copyright 2014 Silicon Laboratories, Inc.
   5          // http://developer.silabs.com/legal/version/v11/Silicon_Labs_Software_License_Agreement.txt
   6          //
   7          // Program Description:
   8          //
   9          // This program demonstrates how to configure the EFM8BB3 to use routines
  10          // in STDIO.h to write to and read from the UART0 interface.  The program
  11          // reads a character using the STDIO routine getchar(), outputs that character
  12          // to the screen, and then outputs the ASCII hex value of that character.
  13          //
  14          // Resources:
  15          //   SYSCLK - 24.5 MHz HFOSC0 / 1
  16          //   UART0  - 115200 baud, 8-N-1
  17          //   Timer1 - UART0 clock source
  18          //   P0.4   - UART0 TX
  19          //   P0.5   - UART0 RX
  20          //   P2.2   - Board Controller enable
  21          //   P3.4   - Display enable
  22          //
  23          //-----------------------------------------------------------------------------
  24          // How To Test: EFM8BB3 STK
  25          //-----------------------------------------------------------------------------
  26          // 1) Place the switch in "AEM" mode.
  27          // 2) Connect the EFM8BB3 STK board to a PC using a mini USB cable.
  28          // 3) Compile and download code to the EFM8BB3 STK board.
  29          //    In Simplicity Studio IDE, select Run -> Debug from the menu bar,
  30          //    click the Debug button in the quick menu, or press F11.
  31          // 4) On the PC, open HyperTerminal (or any other terminal program) and connect
  32          //    to the JLink CDC UART Port at 115200 baud rate and 8-N-1.
  33          // 5) Run the code.
  34          //    In Simplicity Studio IDE, select Run -> Resume from the menu bar,
  35          //    click the Resume button in the quick menu, or press F8.
  36          // 6) Follow the prompts in the terminal program.
  37          //
  38          // Target:         EFM8BB3
  39          // Tool chain:     Generic
  40          //
  41          // Release 0.1 (ST)
  42          //    - Initial Revision
  43          //    - 20 MAY 2015
C51 COMPILER V9.53.0.0   MAIN                                                              05/06/2017 22:33:59 PAGE 2   

  44          //
  45          
  46          //-----------------------------------------------------------------------------
  47          // Includes
  48          //-----------------------------------------------------------------------------
  49          #include <SI_EFM8BB3_Register_Enums.h>
  50          #include "retargetserial.h"
  51          #include "InitDevice.h"
  52          #include "function_generator.h"
  53          //-----------------------------------------------------------------------------
  54          // Pin Definitions
  55          //-----------------------------------------------------------------------------
  56          SI_SBIT (DISP_EN, SFR_P3, 4);          // Display Enable
  57          #define DISP_BC_DRIVEN   0             // 0 = Board Controller drives display
  58          #define DISP_EFM8_DRIVEN 1             // 1 = EFM8 drives display
  59          
  60          SI_SBIT (BC_EN, SFR_P2, 2);            // Board Controller Enable
  61          #define BC_DISCONNECTED 0              // 0 = Board Controller disconnected
  62                                                 //     to EFM8 UART pins
  63          #define BC_CONNECTED    1              // 1 = Board Controller connected
  64                                                 //     to EFM8 UART pins
  65          
  66          //-----------------------------------------------------------------------------
  67          // Main Routine
  68          //-----------------------------------------------------------------------------
  69          void main (void)
  70          {
  71   1         unsigned char inputcharacter;       // Used to store character from UART
  72   1      
  73   1         enter_DefaultMode_from_RESET();
  74   1      
  75   1         DISP_EN = DISP_BC_DRIVEN;           // EFM8 does not drive display
  76   1      
  77   1         BC_EN = BC_CONNECTED;               // Board controller connected to EFM8
  78   1                                             // UART pins
  79   1      
  80   1         SCON0_TI = 1;                       // This STDIO library requires TI to
  81   1                                             // be set for prints to occur
  82   1      
  83   1         while (1)
  84   1         {
  85   2            //RETARGET_PRINTF ("\nEnter character: ");
  86   2            //RETARGET_PRINTF ("", inputcharacter);
  87   2            drawCharacter();
  88   2            //RETARGET_PRINTF ("\n     Value in Hex: %bx", inputcharacter);
  89   2         }
  90   1      }
*** WARNING C280 IN LINE 71 OF C:\Users\student\SimplicityStudio\v4_workspace\EFM8BB3_FunctionGenerator\src\main.c: 'inp
             -utcharacter': unreferenced local variable


MODULE INFORMATION:   STATIC OVERLAYABLE
   CODE SIZE        =     14    ----
   CONSTANT SIZE    =   ----    ----
   XDATA SIZE       =   ----       1
   PDATA SIZE       =   ----    ----
   DATA SIZE        =   ----    ----
   IDATA SIZE       =   ----    ----
   BIT SIZE         =   ----    ----
   EDATA SIZE       =   ----    ----
   HDATA SIZE       =   ----    ----
   XDATA CONST SIZE =   ----    ----
   FAR CONST SIZE   =   ----    ----
C51 COMPILER V9.53.0.0   MAIN                                                              05/06/2017 22:33:59 PAGE 3   

END OF MODULE INFORMATION.


C51 COMPILATION COMPLETE.  1 WARNING(S),  0 ERROR(S)
